  [1m[36m (407.2ms)[0m  [1mCREATE TABLE `schema_migrations` (`version` varchar(255) NOT NULL) ENGINE=InnoDB[0m
  [1m[35m (333.5ms)[0m  CREATE UNIQUE INDEX `unique_schema_migrations` ON `schema_migrations` (`version`) 
  [1m[36mActiveRecord::SchemaMigration Load (0.3ms)[0m  [1mSELECT `schema_migrations`.* FROM `schema_migrations`[0m
Migrating to CreateUsers (20140305103246)
  [1m[35m (180.4ms)[0m  CREATE TABLE `users` (`id` int(11) DEFAULT NULL auto_increment PRIMARY KEY, `name` varchar(255), `mobile` varchar(255), `created_at` datetime, `updated_at` datetime) ENGINE=InnoDB
  [1m[36m (0.2ms)[0m  [1mBEGIN[0m
  [1m[35mSQL (0.6ms)[0m  INSERT INTO `schema_migrations` (`version`) VALUES ('20140305103246')
  [1m[36m (81.3ms)[0m  [1mCOMMIT[0m
  [1m[35mActiveRecord::SchemaMigration Load (0.3ms)[0m  SELECT `schema_migrations`.* FROM `schema_migrations`


Started GET "/" for 127.0.0.1 at 2014-03-05 16:13:39 +0530
  [1m[36mActiveRecord::SchemaMigration Load (0.2ms)[0m  [1mSELECT `schema_migrations`.* FROM `schema_migrations`[0m
Processing by Rails::WelcomeController#index as HTML
  Rendered /home/ashish/.rvm/gems/ruby-2.0.0-p353/gems/railties-4.0.2/lib/rails/templates/rails/welcome/index.html.erb (13.8ms)
Completed 200 OK in 229ms (Views: 204.6ms | ActiveRecord: 0.0ms)


Started GET "/" for 127.0.0.1 at 2014-03-05 16:13:40 +0530
Processing by Rails::WelcomeController#index as HTML
  Rendered /home/ashish/.rvm/gems/ruby-2.0.0-p353/gems/railties-4.0.2/lib/rails/templates/rails/welcome/index.html.erb (0.1ms)
Completed 200 OK in 3ms (Views: 2.0ms | ActiveRecord: 0.0ms)


Started GET "/users" for 127.0.0.1 at 2014-03-05 16:13:43 +0530
Processing by UsersController#index as HTML
  [1m[35mUser Load (0.3ms)[0m  SELECT `users`.* FROM `users`
  Rendered users/index.html.erb within layouts/application (2.2ms)
Completed 200 OK in 619ms (Views: 616.6ms | ActiveRecord: 0.3ms)


Started GET "/assets/users.css?body=1" for 127.0.0.1 at 2014-03-05 16:13:44 +0530


Started GET "/assets/scaffolds.css?body=1" for 127.0.0.1 at 2014-03-05 16:13:44 +0530


Started GET "/assets/jquery.js?body=1" for 127.0.0.1 at 2014-03-05 16:13:44 +0530


Started GET "/assets/application.css?body=1" for 127.0.0.1 at 2014-03-05 16:13:44 +0530


Started GET "/assets/users.js?body=1" for 127.0.0.1 at 2014-03-05 16:13:44 +0530


Started GET "/assets/jquery_ujs.js?body=1" for 127.0.0.1 at 2014-03-05 16:13:44 +0530


Started GET "/assets/turbolinks.js?body=1" for 127.0.0.1 at 2014-03-05 16:13:44 +0530


Started GET "/assets/application.js?body=1" for 127.0.0.1 at 2014-03-05 16:13:44 +0530


Started GET "/users/new" for 127.0.0.1 at 2014-03-05 16:13:45 +0530
Processing by UsersController#new as HTML
  Rendered users/_form.html.erb (65.1ms)
  Rendered users/new.html.erb within layouts/application (76.9ms)
Completed 200 OK in 84ms (Views: 80.4ms | ActiveRecord: 1.2ms)


Started POST "/users" for 127.0.0.1 at 2014-03-05 16:13:50 +0530
Processing by UsersController#create as HTML
  Parameters: {"utf8"=>"✓", "authenticity_token"=>"MzYOVVRMHLoMoPdpsfn7WQEilZEMvdpfoKqrGxQHBYc=", "user"=>{"name"=>"Ashish", "mobile"=>"cxcxz"}, "commit"=>"Create User"}
  [1m[36m (0.2ms)[0m  [1mBEGIN[0m
  [1m[35mSQL (0.3ms)[0m  INSERT INTO `users` (`created_at`, `mobile`, `name`, `updated_at`) VALUES ('2014-03-05 10:43:50', 'cxcxz', 'Ashish', '2014-03-05 10:43:50')
  [1m[36m (140.6ms)[0m  [1mCOMMIT[0m
Redirected to http://localhost:3000/users/1
Completed 302 Found in 146ms (ActiveRecord: 141.1ms)


Started GET "/users/1" for 127.0.0.1 at 2014-03-05 16:13:50 +0530
Processing by UsersController#show as HTML
  Parameters: {"id"=>"1"}
  [1m[35mUser Load (35.5ms)[0m  SELECT `users`.* FROM `users` WHERE `users`.`id` = 1 LIMIT 1
  Rendered users/show.html.erb within layouts/application (1.5ms)
Completed 200 OK in 45ms (Views: 6.1ms | ActiveRecord: 35.5ms)


Started GET "/users" for 127.0.0.1 at 2014-03-05 16:13:52 +0530
Processing by UsersController#index as HTML
  [1m[36mUser Load (0.3ms)[0m  [1mSELECT `users`.* FROM `users`[0m
  Rendered users/index.html.erb within layouts/application (3.1ms)
Completed 200 OK in 11ms (Views: 8.7ms | ActiveRecord: 0.3ms)
